<?xml version="1.0" encoding="UTF-8"?>
<testng-results skipped="0" failed="0" ignored="0" total="1" passed="1">
  <reporter-output>
  </reporter-output>
  <suite name="Surefire suite" duration-ms="14428" started-at="2021-02-07T14:37:25 IST" finished-at="2021-02-07T14:37:40 IST">
    <groups>
      <group name="cucumber">
        <method signature="AbstractTestNGCucumberTests.runScenario(io.cucumber.testng.PickleWrapper, io.cucumber.testng.FeatureWrapper)[pri:0, instance:com.Cucumber.RunCucumberTest@617faa95]" name="runScenario" class="io.cucumber.testng.AbstractTestNGCucumberTests"/>
      </group> <!-- cucumber -->
    </groups>
    <test name="Surefire test" duration-ms="14428" started-at="2021-02-07T14:37:25 IST" finished-at="2021-02-07T14:37:40 IST">
      <class name="com.Cucumber.RunCucumberTest">
        <test-method status="PASS" signature="setUpClass()[pri:0, instance:com.Cucumber.RunCucumberTest@617faa95]" name="setUpClass" is-config="true" duration-ms="388" started-at="2021-02-07T14:37:25 IST" finished-at="2021-02-07T14:37:26 IST">
          <reporter-output>
          </reporter-output>
        </test-method> <!-- setUpClass -->
        <test-method status="PASS" signature="runScenario(io.cucumber.testng.PickleWrapper, io.cucumber.testng.FeatureWrapper)[pri:0, instance:com.Cucumber.RunCucumberTest@617faa95]" name="runScenario" duration-ms="13970" started-at="2021-02-07T14:37:26 IST" description="Runs Cucumber Scenarios" data-provider="scenarios" finished-at="2021-02-07T14:37:40 IST">
          <params>
            <param index="0">
              <value>
                <![CDATA["Title of your scenario"]]>
              </value>
            </param>
            <param index="1">
              <value>
                <![CDATA["Optional[Title of your feature]"]]>
              </value>
            </param>
          </params>
          <reporter-output>
          </reporter-output>
        </test-method> <!-- runScenario -->
        <test-method status="PASS" signature="tearDownClass()[pri:0, instance:com.Cucumber.RunCucumberTest@617faa95]" name="tearDownClass" is-config="true" duration-ms="13" started-at="2021-02-07T14:37:40 IST" finished-at="2021-02-07T14:37:40 IST">
          <reporter-output>
          </reporter-output>
        </test-method> <!-- tearDownClass -->
      </class> <!-- com.Cucumber.RunCucumberTest -->
    </test> <!-- Surefire test -->
  </suite> <!-- Surefire suite -->
</testng-results>
