<?xml version="1.0" encoding="UTF-8"?>
<testng-results skipped="0" failed="0" ignored="0" total="3" passed="3">
  <reporter-output>
  </reporter-output>
  <suite name="Default suite" duration-ms="1182" started-at="2021-02-07T13:43:25 IST" finished-at="2021-02-07T13:43:26 IST">
    <groups>
      <group name="cucumber">
        <method signature="AbstractTestNGCucumberTests.runScenario(io.cucumber.testng.PickleWrapper, io.cucumber.testng.FeatureWrapper)[pri:0, instance:com.Cucumber.RunCucumberTest@4d95d2a2]" name="runScenario" class="io.cucumber.testng.AbstractTestNGCucumberTests"/>
      </group> <!-- cucumber -->
    </groups>
    <test name="Default test" duration-ms="1182" started-at="2021-02-07T13:43:25 IST" finished-at="2021-02-07T13:43:26 IST">
      <class name="com.Cucumber.RunCucumberTest">
        <test-method status="PASS" signature="setUpClass()[pri:0, instance:com.Cucumber.RunCucumberTest@4d95d2a2]" name="setUpClass" is-config="true" duration-ms="706" started-at="2021-02-07T13:43:25 IST" finished-at="2021-02-07T13:43:26 IST">
          <reporter-output>
          </reporter-output>
        </test-method> <!-- setUpClass -->
        <test-method status="PASS" signature="runScenario(io.cucumber.testng.PickleWrapper, io.cucumber.testng.FeatureWrapper)[pri:0, instance:com.Cucumber.RunCucumberTest@4d95d2a2]" name="runScenario" duration-ms="352" started-at="2021-02-07T13:43:26 IST" description="Runs Cucumber Scenarios" data-provider="scenarios" finished-at="2021-02-07T13:43:26 IST">
          <params>
            <param index="0">
              <value>
                <![CDATA["Title of your scenario"]]>
              </value>
            </param>
            <param index="1">
              <value>
                <![CDATA["Optional[Title of your feature]"]]>
              </value>
            </param>
          </params>
          <reporter-output>
          </reporter-output>
        </test-method> <!-- runScenario -->
        <test-method status="PASS" signature="runScenario(io.cucumber.testng.PickleWrapper, io.cucumber.testng.FeatureWrapper)[pri:0, instance:com.Cucumber.RunCucumberTest@4d95d2a2]" name="runScenario" duration-ms="14" started-at="2021-02-07T13:43:26 IST" description="Runs Cucumber Scenarios" data-provider="scenarios" finished-at="2021-02-07T13:43:26 IST">
          <params>
            <param index="0">
              <value>
                <![CDATA["Title of your second scenario"]]>
              </value>
            </param>
            <param index="1">
              <value>
                <![CDATA["Optional[Title of your feature]"]]>
              </value>
            </param>
          </params>
          <reporter-output>
          </reporter-output>
        </test-method> <!-- runScenario -->
        <test-method status="PASS" signature="runScenario(io.cucumber.testng.PickleWrapper, io.cucumber.testng.FeatureWrapper)[pri:0, instance:com.Cucumber.RunCucumberTest@4d95d2a2]" name="runScenario" duration-ms="4" started-at="2021-02-07T13:43:26 IST" description="Runs Cucumber Scenarios" data-provider="scenarios" finished-at="2021-02-07T13:43:26 IST">
          <params>
            <param index="0">
              <value>
                <![CDATA["Title of your third scenario"]]>
              </value>
            </param>
            <param index="1">
              <value>
                <![CDATA["Optional[Title of your feature]"]]>
              </value>
            </param>
          </params>
          <reporter-output>
          </reporter-output>
        </test-method> <!-- runScenario -->
        <test-method status="PASS" signature="tearDownClass()[pri:0, instance:com.Cucumber.RunCucumberTest@4d95d2a2]" name="tearDownClass" is-config="true" duration-ms="25" started-at="2021-02-07T13:43:26 IST" finished-at="2021-02-07T13:43:26 IST">
          <reporter-output>
          </reporter-output>
        </test-method> <!-- tearDownClass -->
      </class> <!-- com.Cucumber.RunCucumberTest -->
    </test> <!-- Default test -->
  </suite> <!-- Default suite -->
</testng-results>
